INFO: ==== DAY 0 ====
INFO: Player 3 voted for player 0
INFO: Player 4 voted for player 2
INFO: Player 5 voted for player 3
INFO: Player 6 voted for player 4
INFO: Player 2 voted for player 5
INFO: Player 0 voted for player 4
INFO: Player 1 voted for player 0
INFO: Player 0 was hanged in the city square by peaceful means of democracy and voting.
INFO: Doctor healed player 2
INFO: Journalist checked players 3 and 1
INFO: Commisarfan checked player 5
INFO: Player 4 was killed by commissar
INFO: ==== DAY 0 ====
INFO: Player 3 voted for player 4
INFO: Player 0 voted for player 1
INFO: Player 2 voted for player 4
INFO: Player 4 voted for player 3
INFO: Player 1 voted for player 4
INFO: Player 4 was hanged in the city square by peaceful means of democracy and voting.
INFO: Commissar checked player 0. He was a maniac
INFO: Doctor healed player 1
INFO: Journalist checked players 2 and 0
